#
# A fatal error has been detected by the Java Runtime Environment:
#
#  Internal Error (sharedRuntime.cpp:532), pid=2915, tid=10499
#  Error: ShouldNotReachHere()
#
# JRE version: OpenJDK Runtime Environment Zulu16.28+11-CA (16.0+36) (build 16+36)
# Java VM: OpenJDK 64-Bit Server VM Zulu16.28+11-CA (16+36, mixed mode, tiered, compressed oops, parallel gc, bsd-aarch64)
# No core dump will be written. Core dumps have been disabled. To enable core dumping, try "ulimit -c unlimited" before starting Java again
#
# If you would like to submit a bug report, please visit:
#   http://www.azulsystems.com/support/
#

---------------  S U M M A R Y ------------

Command Line: --add-modules=ALL-SYSTEM --add-opens=java.base/java.util=ALL-UNNAMED --add-opens=java.base/java.lang=ALL-UNNAMED -Declipse.application=org.eclipse.jdt.ls.core.id1 -Dosgi.bundles.defaultStartLevel=4 -Declipse.product=org.eclipse.jdt.ls.core.product -Dfile.encoding=utf8 -XX:+UseParallelGC -XX:GCTimeRatio=4 -XX:AdaptiveSizePolicyWeight=90 -Dsun.zip.disableMemoryMapping=true -Xmx1G -Xms100m /Users/haydenyoon/.vscode/extensions/redhat.java-0.78.0/server/plugins/org.eclipse.equinox.launcher_1.6.100.v20201223-0822.jar -configuration /Users/haydenyoon/Library/Application Support/Code/User/globalStorage/redhat.java/0.78.0/config_ss_mac -data /Users/haydenyoon/Library/Application Support/Code/User/workspaceStorage/e7e6ab1efac614ebe98487f407fe2a15/redhat.java/ss_ws

Host: MacBookPro17,1 arm64 1 MHz, 8 cores, 16G, Darwin 20.5.0, macOS 11.4 (20F71)
Time: Sun Jul 18 14:17:32 2021 KST elapsed time: 0.351818 seconds (0d 0h 0m 0s)

---------------  T H R E A D  ---------------

Current thread (0x0000000107808a00):  JavaThread "main" [_thread_in_Java, id=10499, stack(0x000000016f03c000,0x000000016f23f000)]

Stack: [0x000000016f03c000,0x000000016f23f000],  sp=0x000000016f23e280,  free space=2056k
Native frames: (J=compiled Java code, A=aot compiled Java code, j=interpreted, Vv=VM code, C=native code)
V  [libjvm.dylib+0x9abf04]  _ZN7VMError14report_and_dieEiPKcS1_PcP6ThreadPhPvS6_S1_im+0x46c
V  [libjvm.dylib+0x9ac658]  _ZN7VMError14report_and_dieEP6ThreadPvPKciS4_S4_Pc+0x40
V  [libjvm.dylib+0x2a9dd0]  _Z15report_vm_errorPKciS0_S0_z+0x5c
V  [libjvm.dylib+0x2a9fa4]  _Z28report_should_not_reach_herePKci+0x2c
V  [libjvm.dylib+0x81388c]  _ZN13SharedRuntime40raw_exception_handler_for_return_addressEP10JavaThreadPh+0x178
V  [libjvm.dylib+0x813930]  _ZN13SharedRuntime36exception_handler_for_return_addressEP10JavaThreadPh+0x28
v  ~StubRoutines::forward exception
j  java.io.FileInputStream.open(Ljava/lang/String;)V+2 java.base@16
j  java.io.FileInputStream.<init>(Ljava/io/File;)V+96 java.base@16
j  java.io.FileInputStream.<init>(Ljava/lang/String;)V+17 java.base@16
j  sun.net.www.protocol.file.FileURLConnection.connect()V+102 java.base@16
j  sun.net.www.protocol.file.FileURLConnection.getInputStream()Ljava/io/InputStream;+1 java.base@16
j  java.net.URL.openStream()Ljava/io/InputStream;+4 java.base@16
j  org.eclipse.equinox.launcher.Main.getStream(Ljava/net/URL;)Ljava/io/InputStream;+42
j  org.eclipse.equinox.launcher.Main.load(Ljava/net/URL;Ljava/lang/String;)Ljava/util/Properties;+71
j  org.eclipse.equinox.launcher.Main.loadProperties(Ljava/net/URL;)Ljava/util/Properties;+13
j  org.eclipse.equinox.launcher.Main.loadConfiguration(Ljava/net/URL;)Ljava/util/Properties;+51
j  org.eclipse.equinox.launcher.Main.processConfiguration()V+272
j  org.eclipse.equinox.launcher.Main.basicRun([Ljava/lang/String;)V+53
j  org.eclipse.equinox.launcher.Main.run([Ljava/lang/String;)I+4
j  org.eclipse.equinox.launcher.Main.main([Ljava/lang/String;)V+10
v  ~StubRoutines::call_stub
V  [libjvm.dylib+0x43f718]  _ZN9JavaCalls11call_helperEP9JavaValueRK12methodHandleP17JavaCallArgumentsP6Thread+0x30c
V  [libjvm.dylib+0x4a115c]  _ZL17jni_invoke_staticP7JNIEnv_P9JavaValueP8_jobject11JNICallTypeP10_jmethodIDP18JNI_ArgumentPusherP6Thread+0x120
V  [libjvm.dylib+0x4a4570]  jni_CallStaticVoidMethod+0x120
C  [libjli.dylib+0x5430]  JavaMain+0x9d4
C  [libjli.dylib+0x778c]  ThreadJavaMain+0xc
C  [libsystem_pthread.dylib+0x7878]  _pthread_start+0x140


---------------  P R O C E S S  ---------------

Threads class SMR info:
_java_thread_list=0x0000000106b05cc0, length=11, elements={
0x0000000107808a00, 0x0000000107822800, 0x000000012400bc00, 0x0000000107822e00,
0x0000000107808200, 0x0000000107825a00, 0x0000000107826000, 0x0000000107826600,
0x000000010782ec00, 0x0000000123832200, 0x0000000123835600
}

Java Threads: ( => current thread )
=>0x0000000107808a00 JavaThread "main" [_thread_in_Java, id=10499, stack(0x000000016f03c000,0x000000016f23f000)]
  0x0000000107822800 JavaThread "Reference Handler" daemon [_thread_blocked, id=13571, stack(0x000000016f660000,0x000000016f863000)]
  0x000000012400bc00 JavaThread "Finalizer" daemon [_thread_blocked, id=18435, stack(0x000000016f86c000,0x000000016fa6f000)]
  0x0000000107822e00 JavaThread "Signal Dispatcher" daemon [_thread_blocked, id=15619, stack(0x000000016fb90000,0x000000016fd93000)]
  0x0000000107808200 JavaThread "Service Thread" daemon [_thread_blocked, id=15875, stack(0x000000016fd9c000,0x000000016ff9f000)]
  0x0000000107825a00 JavaThread "Monitor Deflation Thread" daemon [_thread_blocked, id=16899, stack(0x000000016ffa8000,0x00000001701ab000)]
  0x0000000107826000 JavaThread "C2 CompilerThread0" daemon [_thread_blocked, id=16387, stack(0x00000001701b4000,0x00000001703b7000)]
  0x0000000107826600 JavaThread "C1 CompilerThread0" daemon [_thread_blocked, id=43267, stack(0x00000001703c0000,0x00000001705c3000)]
  0x000000010782ec00 JavaThread "Sweeper thread" daemon [_thread_blocked, id=43011, stack(0x00000001705cc000,0x00000001707cf000)]
  0x0000000123832200 JavaThread "Common-Cleaner" daemon [_thread_blocked, id=42755, stack(0x00000001707d8000,0x00000001709db000)]
  0x0000000123835600 JavaThread "Notification Thread" daemon [_thread_blocked, id=22531, stack(0x00000001709e4000,0x0000000170be7000)]

Other Threads:
  0x000000010681b7f0 VMThread "VM Thread" [stack: 0x000000016f454000,0x000000016f657000] [id=12803]
  0x0000000106b06580 WatcherThread [stack: 0x0000000170bf0000,0x0000000170df3000] [id=22787]
  0x000000012370d570 GCTaskThread "GC Thread#0" [stack: 0x000000016f248000,0x000000016f44b000] [id=12547]

Threads with active compile tasks:

VM state: not at safepoint (normal execution)

VM Mutex/Monitor currently owned by a thread: None

Heap address: 0x0000000780000000, size: 1024 MB, Compressed Oops mode: Zero based, Oop shift amount: 3
Compressed class space mapped at: 0x0000000300000000-0x0000000340000000, reserved size: 1073741824
Narrow klass base: 0x0000000000000000, Narrow klass shift: 3, Narrow klass range: 0x340000000

GC Precious Log:
 CPUs: 8 total, 8 available
 Memory: 16384M
 Large Page Support: Disabled
 NUMA Support: Disabled
 Compressed Oops: Enabled (Zero based)
 Alignments: Space 512K, Generation 512K, Heap 8M
 Heap Min Capacity: 104M
 Heap Initial Capacity: 104M
 Heap Max Capacity: 1G
 Pre-touch: Disabled
 Parallel Workers: 8

Heap:
 PSYoungGen      total 31232K, used 4938K [0x00000007aab00000, 0x00000007acd80000, 0x00000007c0000000)
  eden space 27136K, 18% used [0x00000007aab00000,0x00000007aafd2990,0x00000007ac580000)
  from space 4096K, 0% used [0x00000007ac980000,0x00000007ac980000,0x00000007acd80000)
  to   space 4096K, 0% used [0x00000007ac580000,0x00000007ac580000,0x00000007ac980000)
 ParOldGen       total 71168K, used 0K [0x0000000780000000, 0x0000000784580000, 0x00000007aab00000)
  object space 71168K, 0% used [0x0000000780000000,0x0000000780000000,0x0000000784580000)
 Metaspace       used 8773K, committed 9024K, reserved 1064960K
  class space    used 765K, committed 896K, reserved 1048576K

Card table byte_map: [0x0000000101278000,0x000000010147c000] _byte_map_base: 0x00000000fd678000

Marking Bits: (ParMarkBitMap*) 0x00000001063a4a48
 Begin Bits: [0x0000000110000000, 0x0000000111000000)
 End Bits:   [0x0000000111000000, 0x0000000112000000)

Polling page: 0x0000000100ee0000

Metaspace:

Usage:
  Non-class:      7.82 MB used.
      Class:    765.20 KB used.
       Both:      8.57 MB used.

Virtual space:
  Non-class space:       16.00 MB reserved,       7.94 MB ( 50%) committed,  2 nodes.
      Class space:        1.00 GB reserved,     896.00 KB ( <1%) committed,  1 nodes.
              Both:        1.02 GB reserved,       8.81 MB ( <1%) committed. 

Chunk freelists:
   Non-Class:  3.92 MB
       Class:  3.12 MB
        Both:  7.04 MB

MaxMetaspaceSize: 17179869184.00 GB
CompressedClassSpaceSize: 1.00 GB
 - commit_granule_bytes: 65536.
 - commit_granule_words: 8192.
 - virtual_space_node_default_size: 1048576.
 - enlarge_chunks_in_place: 1.
 - new_chunks_are_fully_committed: 0.
 - uncommit_free_chunks: 1.
 - use_allocation_guard: 0.
 - handle_deallocations: 1.


Internal statistics:

num_allocs_failed_limit: 0.
num_arena_births: 48.
num_arena_deaths: 0.
num_vsnodes_births: 3.
num_vsnodes_deaths: 0.
num_space_committed: 141.
num_space_uncommitted: 0.
num_chunks_returned_to_freelist: 0.
num_chunks_taken_from_freelist: 69.
num_chunk_merges: 0.
num_chunk_splits: 40.
num_chunks_enlarged: 25.
num_purges: 0.

CodeHeap 'non-profiled nmethods': size=120032Kb used=106Kb max_used=106Kb free=119925Kb
 bounds [0x00000001402b8000, 0x0000000140528000, 0x00000001477f0000]
CodeHeap 'profiled nmethods': size=120016Kb used=536Kb max_used=536Kb free=119479Kb
 bounds [0x0000000138d84000, 0x0000000138ff4000, 0x00000001402b8000]
CodeHeap 'non-nmethods': size=5712Kb used=1076Kb max_used=1104Kb free=4635Kb
 bounds [0x00000001387f0000, 0x0000000138a60000, 0x0000000138d84000]
 total_blobs=745 nmethods=367 adapters=297
 compilation: enabled
              stopped_count=0, restarted_count=0
 full_count=0

Compilation events (20 events):
Event: 0.337 Thread 0x0000000107826000  358       4       java.lang.Integer::reverseBytes (28 bytes)
Event: 0.337 Thread 0x0000000107826600  359       3       sun.security.provider.SHA2::implCompress0 (466 bytes)
Event: 0.337 Thread 0x0000000107826000 nmethod 358 0x00000001402d1390 code [0x00000001402d1500, 0x00000001402d15a0]
Event: 0.338 Thread 0x0000000107826600 nmethod 359 0x0000000138e05610 code [0x0000000138e05800, 0x0000000138e05fe8]
Event: 0.338 Thread 0x0000000107826600  360       1       java.util.ArrayList::size (5 bytes)
Event: 0.338 Thread 0x0000000107826600 nmethod 360 0x00000001402d1690 code [0x00000001402d1800, 0x00000001402d18e8]
Event: 0.338 Thread 0x0000000107826600  361       3       sun.security.provider.ByteArrayAccess::b2iBig64 (614 bytes)
Event: 0.338 Thread 0x0000000107826600 nmethod 361 0x0000000138e06390 code [0x0000000138e06640, 0x0000000138e07458]
Event: 0.338 Thread 0x0000000107826000  364 %     4       sun.security.provider.SHA2::implCompress0 @ 196 (466 bytes)
Event: 0.338 Thread 0x0000000107826600  363       3       sun.security.provider.SHA2::implCompressCheck (15 bytes)
Event: 0.339 Thread 0x0000000107826600 nmethod 363 0x0000000138e07990 code [0x0000000138e07b80, 0x0000000138e07e48]
Event: 0.339 Thread 0x0000000107826600  362       3       sun.security.provider.SHA2::implCompress (13 bytes)
Event: 0.339 Thread 0x0000000107826600 nmethod 362 0x0000000138e07f90 code [0x0000000138e08180, 0x0000000138e08538]
Event: 0.341 Thread 0x0000000107826600  365       3       java.util.Arrays::copyOf (40 bytes)
Event: 0.342 Thread 0x0000000107826000 nmethod 364% 0x00000001402d1990 code [0x00000001402d1b40, 0x00000001402d2200]
Event: 0.342 Thread 0x0000000107826600 nmethod 365 0x0000000138e08710 code [0x0000000138e08940, 0x0000000138e09078]
Event: 0.349 Thread 0x0000000107826000  366       4       java.lang.AbstractStringBuilder::ensureCapacityInternal (39 bytes)
Event: 0.350 Thread 0x0000000107826600  367       3       java.lang.String::startsWith (138 bytes)
Event: 0.350 Thread 0x0000000107826000 nmethod 366 0x00000001402d2410 code [0x00000001402d2600, 0x00000001402d2970]
Event: 0.351 Thread 0x0000000107826600 nmethod 367 0x0000000138e09310 code [0x0000000138e09580, 0x0000000138e09e28]

GC Heap History (0 events):
No events

Deoptimization events (4 events):
Event: 0.288 Thread 0x0000000107808a00 Uncommon trap: trap_request=0xffffff45 fr.pc=0x00000001402c6340 relative=0x0000000000000480
Event: 0.288 Thread 0x0000000107808a00 Uncommon trap: reason=unstable_if action=reinterpret pc=0x00000001402c6340 method=java.util.HashMap.putVal(ILjava/lang/Object;Ljava/lang/Object;ZZ)Ljava/lang/Object; @ 181 c2
Event: 0.288 Thread 0x0000000107808a00 DEOPT PACKING pc=0x00000001402c6340 sp=0x000000016f23d5d0
Event: 0.288 Thread 0x0000000107808a00 DEOPT UNPACKING pc=0x0000000138829d9c sp=0x000000016f23d510 mode 2

Classes unloaded (0 events):
No events

Classes redefined (0 events):
No events

Internal exceptions (17 events):
Event: 0.136 Thread 0x0000000107808a00 Exception <a 'java/lang/NoSuchMethodError'{0x00000007aab7ccd0}: 'int java.lang.invoke.DirectMethodHandle$Holder.invokeStatic(java.lang.Object, java.lang.Object)'> (0x00000007aab7ccd0) 
thrown [src/hotspot/share/interpreter/linkResolver.cpp, line 790]
Event: 0.137 Thread 0x0000000107808a00 Exception <a 'java/lang/NoSuchMethodError'{0x00000007aab86160}: 'java.lang.Object java.lang.invoke.Invokers$Holder.invokeExact_MT(java.lang.Object, java.lang.Object, java.lang.Object, java.lang.Object, java.lang.Object, java.lang.Object, java.lang.Object, java.lang.Object)'> (0x00000007aab86160) 
thrown [src/hotspot/share/interpreter/linkResolver.cpp, line 790]
Event: 0.140 Thread 0x0000000107808a00 Exception <a 'java/lang/NoSuchMethodError'{0x00000007aac19ff0}: 'java.lang.Object java.lang.invoke.DirectMethodHandle$Holder.invokeStatic(java.lang.Object, java.lang.Object, java.lang.Object)'> (0x00000007aac19ff0) 
thrown [src/hotspot/share/interpreter/linkResolver.cpp, line 790]
Event: 0.141 Thread 0x0000000107808a00 Exception <a 'java/lang/NoSuchMethodError'{0x00000007aac22b50}: 'java.lang.Object java.lang.invoke.DirectMethodHandle$Holder.getReference(java.lang.Object, java.lang.Object)'> (0x00000007aac22b50) 
thrown [src/hotspot/share/interpreter/linkResolver.cpp, line 790]
Event: 0.141 Thread 0x0000000107808a00 Exception <a 'java/lang/NoSuchMethodError'{0x00000007aac26f08}: 'java.lang.Object java.lang.invoke.LambdaForm$Holder.identity_L(java.lang.Object, java.lang.Object)'> (0x00000007aac26f08) 
thrown [src/hotspot/share/interpreter/linkResolver.cpp, line 790]
Event: 0.141 Thread 0x0000000107808a00 Exception <a 'java/lang/NoSuchMethodError'{0x00000007aac29e48}: 'java.lang.Object java.lang.invoke.LambdaForm$Holder.zero_L(java.lang.Object)'> (0x00000007aac29e48) 
thrown [src/hotspot/share/interpreter/linkResolver.cpp, line 790]
Event: 0.143 Thread 0x0000000107808a00 Exception <a 'java/lang/NoSuchMethodError'{0x00000007aac31458}: 'java.lang.Object java.lang.invoke.DirectMethodHandle$Holder.invokeSpecial(java.lang.Object, java.lang.Object)'> (0x00000007aac31458) 
thrown [src/hotspot/share/interpreter/linkResolver.cpp, line 790]
Event: 0.144 Thread 0x0000000107808a00 Exception <a 'java/lang/NoSuchMethodError'{0x00000007aac34a90}: 'java.lang.Object java.lang.invoke.Invokers$Holder.linkToTargetMethod(java.lang.Object)'> (0x00000007aac34a90) 
thrown [src/hotspot/share/interpreter/linkResolver.cpp, line 790]
Event: 0.145 Thread 0x0000000107808a00 Exception <a 'java/lang/NoSuchMethodError'{0x00000007aac41b80}: 'java.lang.Object java.lang.invoke.DirectMethodHandle$Holder.newInvokeSpecial(java.lang.Object, java.lang.Object)'> (0x00000007aac41b80) 
thrown [src/hotspot/share/interpreter/linkResolver.cpp, line 790]
Event: 0.145 Thread 0x0000000107808a00 Exception <a 'java/lang/NoSuchMethodError'{0x00000007aac458a8}: 'java.lang.Object java.lang.invoke.DirectMethodHandle$Holder.invokeSpecial(java.lang.Object, java.lang.Object, java.lang.Object)'> (0x00000007aac458a8) 
thrown [src/hotspot/share/interpreter/linkResolver.cpp, line 790]
Event: 0.145 Thread 0x0000000107808a00 Exception <a 'java/lang/NoSuchMethodError'{0x00000007aac48d90}: 'java.lang.Object java.lang.invoke.Invokers$Holder.linkToTargetMethod(java.lang.Object, java.lang.Object)'> (0x00000007aac48d90) 
thrown [src/hotspot/share/interpreter/linkResolver.cpp, line 790]
Event: 0.145 Thread 0x0000000107808a00 Exception <a 'java/lang/NoSuchMethodError'{0x00000007aac4c3f8}: 'java.lang.Object java.lang.invoke.DirectMethodHandle$Holder.invokeVirtual(java.lang.Object, java.lang.Object)'> (0x00000007aac4c3f8) 
thrown [src/hotspot/share/interpreter/linkResolver.cpp, line 790]
Event: 0.147 Thread 0x0000000107808a00 Exception <a 'java/lang/NoSuchMethodError'{0x00000007aac53718}: 'java.lang.Object java.lang.invoke.DirectMethodHandle$Holder.newInvokeSpecial(java.lang.Object)'> (0x00000007aac53718) 
thrown [src/hotspot/share/interpreter/linkResolver.cpp, line 790]
Event: 0.147 Thread 0x0000000107808a00 Exception <a 'java/lang/NoSuchMethodError'{0x00000007aac59408}: 'int java.lang.invoke.DirectMethodHandle$Holder.invokeInterface(java.lang.Object, java.lang.Object, java.lang.Object)'> (0x00000007aac59408) 
thrown [src/hotspot/share/interpreter/linkResolver.cpp, line 790]
Event: 0.148 Thread 0x0000000107808a00 Exception <a 'java/lang/NoSuchMethodError'{0x00000007aac623b8}: 'java.lang.Object java.lang.invoke.DirectMethodHandle$Holder.invokeStatic(java.lang.Object, java.lang.Object)'> (0x00000007aac623b8) 
thrown [src/hotspot/share/interpreter/linkResolver.cpp, line 790]
Event: 0.150 Thread 0x0000000107808a00 Exception <a 'java/lang/NoSuchMethodError'{0x00000007aac6b258}: 'int java.lang.invoke.DirectMethodHandle$Holder.invokeSpecial(java.lang.Object, java.lang.Object)'> (0x00000007aac6b258) 
thrown [src/hotspot/share/interpreter/linkResolver.cpp, line 790]
Event: 0.351 Thread 0x0000000107808a00 Exception <a 'java/io/FileNotFoundException'{0x00000007aaf9d150}> (0x00000007aaf9d150) 
thrown [src/hotspot/share/prims/jni.cpp, line 579]

Events (20 events):
Event: 0.349 loading class java/util/concurrent/ConcurrentHashMap$KeySetView
Event: 0.349 loading class java/util/concurrent/ConcurrentHashMap$KeySetView done
Event: 0.349 loading class java/util/Collections$3
Event: 0.349 loading class java/util/Collections$3 done
Event: 0.349 loading class java/util/concurrent/ConcurrentHashMap$KeyIterator
Event: 0.349 loading class java/util/concurrent/ConcurrentHashMap$KeyIterator done
Event: 0.349 loading class java/net/URLDecoder
Event: 0.350 loading class java/net/URLDecoder done
Event: 0.350 loading class java/net/URLEncoder
Event: 0.350 loading class java/net/URLEncoder done
Event: 0.350 loading class java/util/BitSet
Event: 0.350 loading class java/util/BitSet done
Event: 0.350 loading class sun/net/www/protocol/file/FileURLConnection
Event: 0.350 loading class sun/net/www/URLConnection
Event: 0.350 loading class java/net/URLConnection
Event: 0.350 loading class java/net/URLConnection done
Event: 0.350 loading class sun/net/www/URLConnection done
Event: 0.350 loading class sun/net/www/protocol/file/FileURLConnection done
Event: 0.351 loading class sun/net/www/MessageHeader
Event: 0.351 loading class sun/net/www/MessageHeader done


Dynamic libraries:
0x000000019c83d000 	/usr/lib/libz.1.dylib
0x0000000100e7c000 	/Library/Java/JavaVirtualMachines/zulu-16.jdk/Contents/Home/lib/libjli.dylib
0x00000001a6d47000 	/System/Library/Frameworks/Cocoa.framework/Versions/A/Cocoa
0x0000000194c8a000 	/System/Library/Frameworks/Security.framework/Versions/A/Security
0x00000001a50b5000 	/System/Library/Frameworks/ApplicationServices.framework/Versions/A/ApplicationServices
0x000000019c8e3000 	/usr/lib/libSystem.B.dylib
0x000000019c8dd000 	/usr/lib/system/libcache.dylib
0x000000019c89c000 	/usr/lib/system/libcommonCrypto.dylib
0x000000019c8c6000 	/usr/lib/system/libcompiler_rt.dylib
0x000000019c8bd000 	/usr/lib/system/libcopyfile.dylib
0x0000000192c00000 	/usr/lib/system/libcorecrypto.dylib
0x0000000192ca0000 	/usr/lib/system/libdispatch.dylib
0x0000000192e59000 	/usr/lib/system/libdyld.dylib
0x000000019c8d3000 	/usr/lib/system/libkeymgr.dylib
0x000000019fd04000 	/usr/lib/system/liblaunch.dylib
0x000000019c87e000 	/usr/lib/system/libmacho.dylib
0x000000019c0f0000 	/usr/lib/system/libquarantine.dylib
0x000000019c8d0000 	/usr/lib/system/libremovefile.dylib
0x00000001976e6000 	/usr/lib/system/libsystem_asl.dylib
0x0000000192bae000 	/usr/lib/system/libsystem_blocks.dylib
0x0000000192d22000 	/usr/lib/system/libsystem_c.dylib
0x000000019c8ca000 	/usr/lib/system/libsystem_collections.dylib
0x000000019b72a000 	/usr/lib/system/libsystem_configuration.dylib
0x000000019aaad000 	/usr/lib/system/libsystem_containermanager.dylib
0x000000019c653000 	/usr/lib/system/libsystem_coreservices.dylib
0x0000000195261000 	/usr/lib/system/libsystem_darwin.dylib
0x000000019c8d4000 	/usr/lib/system/libsystem_dnssd.dylib
0x0000000192d1f000 	/usr/lib/system/libsystem_featureflags.dylib
0x0000000192ea2000 	/usr/lib/system/libsystem_info.dylib
0x000000019c84f000 	/usr/lib/system/libsystem_m.dylib
0x0000000192c74000 	/usr/lib/system/libsystem_malloc.dylib
0x0000000197681000 	/usr/lib/system/libsystem_networkextension.dylib
0x00000001956a4000 	/usr/lib/system/libsystem_notify.dylib
0x00000001a21b2000 	/usr/lib/system/libsystem_product_info_filter.dylib
0x000000019b72f000 	/usr/lib/system/libsystem_sandbox.dylib
0x000000019c8cd000 	/usr/lib/system/libsystem_secinit.dylib
0x0000000192e18000 	/usr/lib/system/libsystem_kernel.dylib
0x0000000192e9b000 	/usr/lib/system/libsystem_platform.dylib
0x0000000192e4c000 	/usr/lib/system/libsystem_pthread.dylib
0x0000000198c53000 	/usr/lib/system/libsystem_symptoms.dylib
0x0000000192be8000 	/usr/lib/system/libsystem_trace.dylib
0x000000019c8aa000 	/usr/lib/system/libunwind.dylib
0x0000000192bb0000 	/usr/lib/system/libxpc.dylib
0x0000000192e00000 	/usr/lib/libc++abi.dylib
0x0000000192ce5000 	/usr/lib/libobjc.A.dylib
0x000000019c8b5000 	/usr/lib/liboah.dylib
0x0000000192da4000 	/usr/lib/libc++.1.dylib
0x0000000192ece000 	/System/Library/Frameworks/CoreFoundation.framework/Versions/A/CoreFoundation
0x0000000193c95000 	/System/Library/Frameworks/Foundation.framework/Versions/C/Foundation
0x00000001956fe000 	/System/Library/Frameworks/AppKit.framework/Versions/C/AppKit
0x000000019851c000 	/System/Library/Frameworks/CoreData.framework/Versions/A/CoreData
0x000000019643e000 	/System/Library/PrivateFrameworks/UIFoundation.framework/Versions/A/UIFoundation
0x00000001a1f44000 	/System/Library/PrivateFrameworks/RemoteViewServices.framework/Versions/A/RemoteViewServices
0x000000019b15e000 	/System/Library/PrivateFrameworks/XCTTargetBootstrap.framework/Versions/A/XCTTargetBootstrap
0x000000019da9d000 	/usr/lib/libspindump.dylib
0x0000000196665000 	/System/Library/Frameworks/UniformTypeIdentifiers.framework/Versions/A/UniformTypeIdentifiers
0x0000000199746000 	/usr/lib/libapp_launch_measurement.dylib
0x0000000199749000 	/System/Library/PrivateFrameworks/CoreAutoLayout.framework/Versions/A/CoreAutoLayout
0x000000019aadb000 	/System/Library/Frameworks/Metal.framework/Versions/A/Metal
0x000000019b73a000 	/usr/lib/liblangid.dylib
0x000000019b162000 	/System/Library/PrivateFrameworks/CoreSVG.framework/Versions/A/CoreSVG
0x0000000197718000 	/System/Library/PrivateFrameworks/SkyLight.framework/Versions/A/SkyLight
0x0000000197a83000 	/System/Library/Frameworks/CoreGraphics.framework/Versions/A/CoreGraphics
0x00000001a2464000 	/System/Library/Frameworks/Accelerate.framework/Versions/A/Accelerate
0x000000019d4f7000 	/System/Library/PrivateFrameworks/IconServices.framework/Versions/A/IconServices
0x000000019aabf000 	/System/Library/Frameworks/IOSurface.framework/Versions/A/IOSurface
0x0000000198dea000 	/usr/lib/libDiagnosticMessagesClient.dylib
0x000000019b146000 	/System/Library/PrivateFrameworks/DFRFoundation.framework/Versions/A/DFRFoundation
0x0000000194fef000 	/usr/lib/libicucore.A.dylib
0x000000019efee000 	/System/Library/Frameworks/AudioToolbox.framework/Versions/A/AudioToolbox
0x000000019e203000 	/System/Library/PrivateFrameworks/DataDetectorsCore.framework/Versions/A/DataDetectorsCore
0x0000000197693000 	/usr/lib/libMobileGestalt.dylib
0x000000019ae3b000 	/System/Library/Frameworks/Carbon.framework/Versions/A/Frameworks/HIToolbox.framework/Versions/A/HIToolbox
0x00000001991e5000 	/System/Library/Frameworks/QuartzCore.framework/Versions/A/QuartzCore
0x00000001a1f7c000 	/System/Library/Frameworks/Carbon.framework/Versions/A/Frameworks/SpeechRecognition.framework/Versions/A/SpeechRecognition
0x00000001994e4000 	/System/Library/PrivateFrameworks/CoreUI.framework/Versions/A/CoreUI
0x000000019466f000 	/System/Library/Frameworks/CoreAudio.framework/Versions/A/CoreAudio
0x0000000198ed3000 	/System/Library/Frameworks/DiskArbitration.framework/Versions/A/DiskArbitration
0x000000019de50000 	/System/Library/PrivateFrameworks/MultitouchSupport.framework/Versions/A/MultitouchSupport
0x000000019e1fa000 	/System/Library/PrivateFrameworks/InternationalSupport.framework/Versions/A/InternationalSupport
0x0000000197691000 	/usr/lib/libenergytrace.dylib
0x00000001955d8000 	/System/Library/Frameworks/IOKit.framework/Versions/A/IOKit
0x00000001a22a7000 	/System/Library/Frameworks/CoreServices.framework/Versions/A/CoreServices
0x00000001996dc000 	/System/Library/PrivateFrameworks/PerformanceAnalysis.framework/Versions/A/PerformanceAnalysis
0x00000001d4e48000 	/System/Library/Frameworks/OpenGL.framework/Versions/A/OpenGL
0x000000019e278000 	/System/Library/PrivateFrameworks/UserActivity.framework/Versions/A/UserActivity
0x0000000198071000 	/System/Library/Frameworks/ColorSync.framework/Versions/A/ColorSync
0x000000019b3ac000 	/System/Library/Frameworks/CoreImage.framework/Versions/A/CoreImage
0x000000019449f000 	/System/Library/Frameworks/CoreText.framework/Versions/A/CoreText
0x000000019b18d000 	/System/Library/Frameworks/ImageIO.framework/Versions/A/ImageIO
0x000000019c8e9000 	/System/Library/PrivateFrameworks/SoftLinking.framework/Versions/A/SoftLinking
0x000000019978c000 	/usr/lib/libxml2.2.dylib
0x000000019cb69000 	/usr/lib/libcompression.dylib
0x000000019e146000 	/System/Library/PrivateFrameworks/TextureIO.framework/Versions/A/TextureIO
0x000000019d254000 	/usr/lib/libate.dylib
0x000000019d09d000 	/usr/lib/liblzma.5.dylib
0x00000001939aa000 	/System/Library/Frameworks/SystemConfiguration.framework/Versions/A/SystemConfiguration
0x000000019c8e5000 	/usr/lib/libfakelink.dylib
0x00000001971f8000 	/System/Library/Frameworks/CFNetwork.framework/Versions/A/CFNetwork
0x000000019ca2f000 	/usr/lib/libarchive.2.dylib
0x0000000193a32000 	/usr/lib/libCRFSuite.dylib
0x000000019c11a000 	/usr/lib/libbsm.0.dylib
0x0000000196aaf000 	/usr/lib/libnetwork.dylib
0x000000019c8ea000 	/usr/lib/libpcap.A.dylib
0x0000000198c4b000 	/usr/lib/libdns_services.dylib
0x000000019d0b6000 	/usr/lib/libcoretls_cfhelpers.dylib
0x000000019cb38000 	/usr/lib/libapple_nghttp2.dylib
0x000000019c884000 	/usr/lib/system/libkxld.dylib
0x00000001988dc000 	/usr/lib/libsqlite3.dylib
0x000000019c636000 	/System/Library/PrivateFrameworks/AppleFSCompression.framework/Versions/A/AppleFSCompression
0x000000019c103000 	/usr/lib/libcoretls.dylib
0x000000019cb64000 	/usr/lib/libpam.2.dylib
0x000000019d19d000 	/usr/lib/libxar.1.dylib
0x000000019b736000 	/System/Library/PrivateFrameworks/AppleSystemInfo.framework/Versions/A/AppleSystemInfo
0x000000019bd53000 	/System/Library/PrivateFrameworks/IOMobileFramebuffer.framework/Versions/A/IOMobileFramebuffer
0x000000019c646000 	/usr/lib/libbz2.1.0.dylib
0x000000019c926000 	/usr/lib/libiconv.2.dylib
0x000000019c87d000 	/usr/lib/libcharset.1.dylib
0x0000000199715000 	/System/Library/Frameworks/CoreServices.framework/Versions/A/Frameworks/FSEvents.framework/Versions/A/FSEvents
0x000000019526c000 	/System/Library/Frameworks/CoreServices.framework/Versions/A/Frameworks/CarbonCore.framework/Versions/A/CarbonCore
0x0000000198e39000 	/System/Library/Frameworks/CoreServices.framework/Versions/A/Frameworks/Metadata.framework/Versions/A/Metadata
0x000000019c658000 	/System/Library/Frameworks/CoreServices.framework/Versions/A/Frameworks/OSServices.framework/Versions/A/OSServices
0x000000019caa0000 	/System/Library/Frameworks/CoreServices.framework/Versions/A/Frameworks/SearchKit.framework/Versions/A/SearchKit
0x0000000198bd7000 	/System/Library/Frameworks/CoreServices.framework/Versions/A/Frameworks/AE.framework/Versions/A/AE
0x000000019337d000 	/System/Library/Frameworks/CoreServices.framework/Versions/A/Frameworks/LaunchServices.framework/Versions/A/LaunchServices
0x000000019d04a000 	/System/Library/Frameworks/CoreServices.framework/Versions/A/Frameworks/DictionaryServices.framework/Versions/A/DictionaryServices
0x0000000199722000 	/System/Library/Frameworks/CoreServices.framework/Versions/A/Frameworks/SharedFileList.framework/Versions/A/SharedFileList
0x000000019c0f3000 	/usr/lib/libCheckFix.dylib
0x00000001976fe000 	/System/Library/PrivateFrameworks/TCC.framework/Versions/A/TCC
0x000000019b73c000 	/System/Library/PrivateFrameworks/CoreNLP.framework/Versions/A/CoreNLP
0x0000000198ded000 	/System/Library/PrivateFrameworks/MetadataUtilities.framework/Versions/A/MetadataUtilities
0x0000000193a66000 	/usr/lib/libmecabra.dylib
0x000000019c3d9000 	/System/Library/Frameworks/MLCompute.framework/Versions/A/MLCompute
0x000000019c12b000 	/usr/lib/libmecab.dylib
0x000000019c171000 	/usr/lib/libgermantok.dylib
0x000000019cb11000 	/usr/lib/libThaiTokenizer.dylib
0x000000019d1d9000 	/usr/lib/libChineseTokenizer.dylib
0x000000019cb62000 	/System/Library/Frameworks/MetalPerformanceShaders.framework/Versions/A/MetalPerformanceShaders
0x0000000198eda000 	/System/Library/Frameworks/Accelerate.framework/Versions/A/Frameworks/vImage.framework/Versions/A/vImage
0x00000001a2285000 	/System/Library/Frameworks/Accelerate.framework/Versions/A/Frameworks/vecLib.framework/Versions/A/vecLib
0x000000019d1e4000 	/System/Library/Frameworks/Accelerate.framework/Versions/A/Frameworks/vecLib.framework/Versions/A/libvMisc.dylib
0x000000019bc91000 	/System/Library/Frameworks/Accelerate.framework/Versions/A/Frameworks/vecLib.framework/Versions/A/libvDSP.dylib
0x0000000193690000 	/System/Library/Frameworks/Accelerate.framework/Versions/A/Frameworks/vecLib.framework/Versions/A/libBLAS.dylib
0x000000019cb8d000 	/System/Library/Frameworks/Accelerate.framework/Versions/A/Frameworks/vecLib.framework/Versions/A/libLAPACK.dylib
0x000000019c176000 	/System/Library/Frameworks/Accelerate.framework/Versions/A/Frameworks/vecLib.framework/Versions/A/libLinearAlgebra.dylib
0x000000019cb4f000 	/System/Library/Frameworks/Accelerate.framework/Versions/A/Frameworks/vecLib.framework/Versions/A/libSparseBLAS.dylib
0x000000019cb88000 	/System/Library/Frameworks/Accelerate.framework/Versions/A/Frameworks/vecLib.framework/Versions/A/libQuadrature.dylib
0x000000019b7d2000 	/System/Library/Frameworks/Accelerate.framework/Versions/A/Frameworks/vecLib.framework/Versions/A/libBNNS.dylib
0x0000000193946000 	/System/Library/Frameworks/Accelerate.framework/Versions/A/Frameworks/vecLib.framework/Versions/A/libSparse.dylib
0x000000019b6c5000 	/System/Library/Frameworks/MetalPerformanceShaders.framework/Versions/A/Frameworks/MPSCore.framework/Versions/A/MPSCore
0x000000019c5ae000 	/System/Library/Frameworks/MetalPerformanceShaders.framework/Versions/A/Frameworks/MPSImage.framework/Versions/A/MPSImage
0x000000019c18b000 	/System/Library/Frameworks/MetalPerformanceShaders.framework/Versions/A/Frameworks/MPSNeuralNetwork.framework/Versions/A/MPSNeuralNetwork
0x000000019c52c000 	/System/Library/Frameworks/MetalPerformanceShaders.framework/Versions/A/Frameworks/MPSMatrix.framework/Versions/A/MPSMatrix
0x000000019c38f000 	/System/Library/Frameworks/MetalPerformanceShaders.framework/Versions/A/Frameworks/MPSRayIntersector.framework/Versions/A/MPSRayIntersector
0x000000019c55b000 	/System/Library/Frameworks/MetalPerformanceShaders.framework/Versions/A/Frameworks/MPSNDArray.framework/Versions/A/MPSNDArray
0x00000001935b6000 	/System/Library/PrivateFrameworks/MetalTools.framework/Versions/A/MetalTools
0x000000019b734000 	/System/Library/PrivateFrameworks/AggregateDictionary.framework/Versions/A/AggregateDictionary
0x0000000198db7000 	/System/Library/PrivateFrameworks/CoreAnalytics.framework/Versions/A/CoreAnalytics
0x000000019cb13000 	/System/Library/PrivateFrameworks/AppleSauce.framework/Versions/A/AppleSauce
0x000000019aad1000 	/System/Library/PrivateFrameworks/IOAccelerator.framework/Versions/A/IOAccelerator
0x00000001d4e3b000 	/System/Library/Frameworks/OpenGL.framework/Versions/A/Libraries/libCoreFSCache.dylib
0x0000000194022000 	/System/Library/PrivateFrameworks/LanguageModeling.framework/Versions/A/LanguageModeling
0x000000019bd40000 	/System/Library/PrivateFrameworks/CoreEmoji.framework/Versions/A/CoreEmoji
0x000000019b7ca000 	/System/Library/PrivateFrameworks/LinguisticData.framework/Versions/A/LinguisticData
0x00000001938fb000 	/System/Library/PrivateFrameworks/Lexicon.framework/Versions/A/Lexicon
0x000000019ca1c000 	/usr/lib/libcmph.dylib
0x00000001996f5000 	/System/Library/Frameworks/OpenDirectory.framework/Versions/A/Frameworks/CFOpenDirectory.framework/Versions/A/CFOpenDirectory
0x00000001996e7000 	/System/Library/Frameworks/OpenDirectory.framework/Versions/A/OpenDirectory
0x000000019d0b8000 	/System/Library/PrivateFrameworks/APFS.framework/Versions/A/APFS
0x000000019c05c000 	/System/Library/Frameworks/SecurityFoundation.framework/Versions/A/SecurityFoundation
0x000000019d1ab000 	/usr/lib/libutil.dylib
0x000000019559c000 	/System/Library/PrivateFrameworks/CoreServicesStore.framework/Versions/A/CoreServicesStore
0x000000019c0ea000 	/System/Library/Frameworks/ServiceManagement.framework/Versions/A/ServiceManagement
0x000000019d1af000 	/usr/lib/libxslt.1.dylib
0x000000019c0e0000 	/System/Library/PrivateFrameworks/BackgroundTaskManagement.framework/Versions/A/BackgroundTaskManagement
0x000000019e095000 	/System/Library/Frameworks/ImageIO.framework/Versions/A/Resources/libRadiance.dylib
0x000000019e09e000 	/System/Library/Frameworks/ImageIO.framework/Versions/A/Resources/libJPEG.dylib
0x000000019dfed000 	/System/Library/Frameworks/ImageIO.framework/Versions/A/Resources/libPng.dylib
0x000000019e014000 	/System/Library/Frameworks/ImageIO.framework/Versions/A/Resources/libTIFF.dylib
0x000000019e0ef000 	/System/Library/Frameworks/ImageIO.framework/Versions/A/Resources/libGIF.dylib
0x000000019dd6a000 	/System/Library/Frameworks/ImageIO.framework/Versions/A/Resources/libJP2.dylib
0x000000019d4c1000 	/usr/lib/libexpat.1.dylib
0x000000019dd26000 	/System/Library/PrivateFrameworks/AppleJPEG.framework/Versions/A/AppleJPEG
0x000000019ace2000 	/System/Library/PrivateFrameworks/FontServices.framework/libFontParser.dylib
0x0000000198b89000 	/System/Library/PrivateFrameworks/RunningBoardServices.framework/Versions/A/RunningBoardServices
0x00000001a7276000 	/System/Library/PrivateFrameworks/IOSurfaceAccelerator.framework/Versions/A/IOSurfaceAccelerator
0x000000019de4c000 	/System/Library/PrivateFrameworks/WatchdogClient.framework/Versions/A/WatchdogClient
0x0000000194112000 	/System/Library/Frameworks/CoreDisplay.framework/Versions/A/CoreDisplay
0x000000019abea000 	/System/Library/Frameworks/CoreMedia.framework/Versions/A/CoreMedia
0x0000000199879000 	/System/Library/Frameworks/CoreVideo.framework/Versions/A/CoreVideo
0x000000019de89000 	/System/Library/Frameworks/VideoToolbox.framework/Versions/A/VideoToolbox
0x0000000198b06000 	/System/Library/PrivateFrameworks/BaseBoard.framework/Versions/A/BaseBoard
0x000000019d5fe000 	/System/Library/PrivateFrameworks/PersistentConnection.framework/Versions/A/PersistentConnection
0x00000001988c5000 	/System/Library/PrivateFrameworks/ProtocolBuffer.framework/Versions/A/ProtocolBuffer
0x0000000198aef000 	/System/Library/PrivateFrameworks/CommonUtilities.framework/Versions/A/CommonUtilities
0x000000019dceb000 	/System/Library/PrivateFrameworks/Bom.framework/Versions/A/Bom
0x000000019e090000 	/System/Library/PrivateFrameworks/GPUWrangler.framework/Versions/A/GPUWrangler
0x000000019e071000 	/System/Library/PrivateFrameworks/IOPresentment.framework/Versions/A/IOPresentment
0x000000019e098000 	/System/Library/PrivateFrameworks/DSExternalDisplay.framework/Versions/A/DSExternalDisplay
0x000000019e0f4000 	/System/Library/PrivateFrameworks/CMCaptureCore.framework/Versions/A/CMCaptureCore
0x000000019da86000 	/System/Library/PrivateFrameworks/AppServerSupport.framework/Versions/A/AppServerSupport
0x000000019fabe000 	/System/Library/PrivateFrameworks/perfdata.framework/Versions/A/perfdata
0x000000019c04c000 	/System/Library/PrivateFrameworks/AssertionServices.framework/Versions/A/AssertionServices
0x0000000194235000 	/System/Library/PrivateFrameworks/AudioToolboxCore.framework/Versions/A/AudioToolboxCore
0x000000019abca000 	/System/Library/PrivateFrameworks/caulk.framework/Versions/A/caulk
0x00000001ae88c000 	/System/Library/PrivateFrameworks/SystemPolicy.framework/Versions/A/SystemPolicy
0x000000019d2e6000 	/usr/lib/libIOReport.dylib
0x000000019f35a000 	/usr/lib/libSMC.dylib
0x000000019dfba000 	/usr/lib/libAudioToolboxUtility.dylib
0x00000001af211000 	/usr/lib/libmis.dylib
0x00000001d4e9d000 	/System/Library/Frameworks/OpenGL.framework/Versions/A/Libraries/libGLU.dylib
0x00000001d4e5b000 	/System/Library/Frameworks/OpenGL.framework/Versions/A/Libraries/libGFXShared.dylib
0x00000001d5043000 	/System/Library/Frameworks/OpenGL.framework/Versions/A/Libraries/libGL.dylib
0x00000001d4e64000 	/System/Library/Frameworks/OpenGL.framework/Versions/A/Libraries/libGLImage.dylib
0x00000001d4e58000 	/System/Library/Frameworks/OpenGL.framework/Versions/A/Libraries/libCVMSPluginSupport.dylib
0x00000001d4e42000 	/System/Library/Frameworks/OpenGL.framework/Versions/A/Libraries/libCoreVMClient.dylib
0x00000001a5dba000 	/System/Library/PrivateFrameworks/ASEProcessing.framework/Versions/A/ASEProcessing
0x000000019d625000 	/System/Library/PrivateFrameworks/GraphVisualizer.framework/Versions/A/GraphVisualizer
0x000000019d633000 	/System/Library/PrivateFrameworks/FaceCore.framework/Versions/A/FaceCore
0x000000019da46000 	/System/Library/PrivateFrameworks/OTSVG.framework/Versions/A/OTSVG
0x00000001994a2000 	/System/Library/Frameworks/ApplicationServices.framework/Versions/A/Frameworks/ATS.framework/Versions/A/Resources/libFontRegistry.dylib
0x000000019da8e000 	/System/Library/PrivateFrameworks/FontServices.framework/libhvf.dylib
0x00000001d51de000 	/System/Library/Frameworks/OpenCL.framework/Versions/A/OpenCL
0x000000019d475000 	/System/Library/PrivateFrameworks/AppleVA.framework/Versions/A/AppleVA
0x000000019f1a6000 	/System/Library/Frameworks/ApplicationServices.framework/Versions/A/Frameworks/ATS.framework/Versions/A/ATS
0x000000019f4b9000 	/System/Library/Frameworks/ApplicationServices.framework/Versions/A/Frameworks/ColorSyncLegacy.framework/Versions/A/ColorSyncLegacy
0x0000000198167000 	/System/Library/Frameworks/ApplicationServices.framework/Versions/A/Frameworks/HIServices.framework/Versions/A/HIServices
0x000000019f498000 	/System/Library/Frameworks/ApplicationServices.framework/Versions/A/Frameworks/LangAnalysis.framework/Versions/A/LangAnalysis
0x000000019e0fe000 	/System/Library/Frameworks/ApplicationServices.framework/Versions/A/Frameworks/PrintCore.framework/Versions/A/PrintCore
0x000000019f4c1000 	/System/Library/Frameworks/ApplicationServices.framework/Versions/A/Frameworks/QD.framework/Versions/A/QD
0x000000019f192000 	/System/Library/Frameworks/ApplicationServices.framework/Versions/A/Frameworks/SpeechSynthesis.framework/Versions/A/SpeechSynthesis
0x000000019e0bf000 	/System/Library/Frameworks/ApplicationServices.framework/Versions/A/Frameworks/ATSUI.framework/Versions/A/ATSUI
0x000000019f43a000 	/usr/lib/libcups.2.dylib
0x000000019f4ac000 	/System/Library/PrivateFrameworks/NetAuth.framework/Versions/A/NetAuth
0x000000019fad8000 	/System/Library/Frameworks/Kerberos.framework/Versions/A/Kerberos
0x000000019fae9000 	/System/Library/Frameworks/GSS.framework/Versions/A/GSS
0x000000019f215000 	/usr/lib/libresolv.9.dylib
0x000000019daa4000 	/System/Library/PrivateFrameworks/Heimdal.framework/Versions/A/Heimdal
0x00000001a53a5000 	/System/Library/Frameworks/Kerberos.framework/Versions/A/Libraries/libHeimdalProxy.dylib
0x0000000198c5b000 	/System/Library/Frameworks/Network.framework/Versions/A/Network
0x000000019d4db000 	/usr/lib/libheimdal-asn1.dylib
0x000000019fb31000 	/System/Library/PrivateFrameworks/CommonAuth.framework/Versions/A/CommonAuth
0x00000001998cd000 	/System/Library/PrivateFrameworks/login.framework/Versions/A/Frameworks/loginsupport.framework/Versions/A/loginsupport
0x000000019f117000 	/System/Library/PrivateFrameworks/AudioSession.framework/Versions/A/AudioSession
0x000000019f17f000 	/usr/lib/libAudioStatistics.dylib
0x000000019d55b000 	/System/Library/PrivateFrameworks/MediaExperience.framework/Versions/A/MediaExperience
0x000000019efb8000 	/System/Library/PrivateFrameworks/AudioSession.framework/libSessionUtility.dylib
0x000000019faca000 	/usr/lib/libperfcheck.dylib
0x000000019f4cd000 	/System/Library/PrivateFrameworks/AudioResourceArbitration.framework/Versions/A/AudioResourceArbitration
0x000000019d4e4000 	/System/Library/PrivateFrameworks/IconFoundation.framework/Versions/A/IconFoundation
0x00000001a1f6c000 	/System/Library/PrivateFrameworks/SpeechRecognitionCore.framework/Versions/A/SpeechRecognitionCore
0x00000001ce78d000 	/System/Library/CoreServices/Encodings/libKoreanConverter.dylib
0x0000000105800000 	/Library/Java/JavaVirtualMachines/zulu-16.jdk/Contents/Home/lib/server/libjvm.dylib
0x0000000100ecc000 	/Library/Java/JavaVirtualMachines/zulu-16.jdk/Contents/Home/lib/libjimage.dylib
0x0000000100f30000 	/Library/Java/JavaVirtualMachines/zulu-16.jdk/Contents/Home/lib/libjava.dylib
0x00000001017d4000 	/Library/Java/JavaVirtualMachines/zulu-16.jdk/Contents/Home/lib/libnio.dylib
0x0000000106778000 	/Library/Java/JavaVirtualMachines/zulu-16.jdk/Contents/Home/lib/libnet.dylib
0x000000010679c000 	/Library/Java/JavaVirtualMachines/zulu-16.jdk/Contents/Home/lib/libzip.dylib


VM Arguments:
jvm_args: --add-modules=ALL-SYSTEM --add-opens=java.base/java.util=ALL-UNNAMED --add-opens=java.base/java.lang=ALL-UNNAMED -Declipse.application=org.eclipse.jdt.ls.core.id1 -Dosgi.bundles.defaultStartLevel=4 -Declipse.product=org.eclipse.jdt.ls.core.product -Dfile.encoding=utf8 -XX:+UseParallelGC -XX:GCTimeRatio=4 -XX:AdaptiveSizePolicyWeight=90 -Dsun.zip.disableMemoryMapping=true -Xmx1G -Xms100m 
java_command: /Users/haydenyoon/.vscode/extensions/redhat.java-0.78.0/server/plugins/org.eclipse.equinox.launcher_1.6.100.v20201223-0822.jar -configuration /Users/haydenyoon/Library/Application Support/Code/User/globalStorage/redhat.java/0.78.0/config_ss_mac -data /Users/haydenyoon/Library/Application Support/Code/User/workspaceStorage/e7e6ab1efac614ebe98487f407fe2a15/redhat.java/ss_ws
java_class_path (initial): /Users/haydenyoon/.vscode/extensions/redhat.java-0.78.0/server/plugins/org.eclipse.equinox.launcher_1.6.100.v20201223-0822.jar
Launcher Type: SUN_STANDARD

[Global flags]
    uintx AdaptiveSizePolicyWeight                 = 90                                        {product} {command line}
     intx CICompilerCount                          = 4                                         {product} {ergonomic}
    uintx GCTimeRatio                              = 4                                         {product} {command line}
   size_t InitialHeapSize                          = 109051904                                 {product} {command line, ergonomic}
   size_t MaxHeapSize                              = 1073741824                                {product} {command line}
   size_t MaxNewSize                               = 357564416                                 {product} {ergonomic}
   size_t MinHeapDeltaBytes                        = 524288                                    {product} {ergonomic}
   size_t MinHeapSize                              = 109051904                                 {product} {command line, ergonomic}
   size_t NewSize                                  = 36175872                                  {product} {ergonomic}
    uintx NonNMethodCodeHeapSize                   = 5839564                                {pd product} {ergonomic}
    uintx NonProfiledCodeHeapSize                  = 122909338                              {pd product} {ergonomic}
   size_t OldSize                                  = 72876032                                  {product} {ergonomic}
    uintx ProfiledCodeHeapSize                     = 122909338                              {pd product} {ergonomic}
    uintx ReservedCodeCacheSize                    = 251658240                              {pd product} {ergonomic}
     bool SegmentedCodeCache                       = true                                      {product} {ergonomic}
   size_t SoftMaxHeapSize                          = 1073741824                             {manageable} {ergonomic}
     bool UseCompressedClassPointers               = true                           {product lp64_product} {ergonomic}
     bool UseCompressedOops                        = true                           {product lp64_product} {ergonomic}
     bool UseNUMA                                  = false                                     {product} {ergonomic}
     bool UseNUMAInterleaving                      = false                                     {product} {ergonomic}
     bool UseParallelGC                            = true                                      {product} {command line}

Logging:
Log output configuration:
 #0: stdout all=warning uptime,level,tags
 #1: stderr all=off uptime,level,tags

Environment Variables:
PATH=/opt/homebrew/bin:/opt/homebrew/sbin:/Library/Frameworks/Python.framework/Versions/3.7/bin:/usr/local/bin:/usr/bin:/bin:/usr/sbin:/sbin
SHELL=/bin/zsh

Signal Handlers:
SIGSEGV: [libjvm.dylib+0x9ace24], sa_mask[0]=11100110000111110111111111111111, sa_flags=SA_ONSTACK|SA_RESTART|SA_SIGINFO
SIGBUS: [libjvm.dylib+0x9ace24], sa_mask[0]=11100110000111110111111111111111, sa_flags=SA_RESTART|SA_SIGINFO
SIGFPE: [libjvm.dylib+0x9ace24], sa_mask[0]=11100110000111110111111111111111, sa_flags=SA_RESTART|SA_SIGINFO
SIGPIPE: [libjvm.dylib+0x896640], sa_mask[0]=11100110000111110111111111111111, sa_flags=SA_RESTART|SA_SIGINFO
SIGXFSZ: [libjvm.dylib+0x896640], sa_mask[0]=11100110000111110111111111111111, sa_flags=SA_RESTART|SA_SIGINFO
SIGILL: [libjvm.dylib+0x9ace24], sa_mask[0]=11100110000111110111111111111111, sa_flags=SA_RESTART|SA_SIGINFO
SIGUSR2: [libjvm.dylib+0x897078], sa_mask[0]=00000000000000000000000000000000, sa_flags=SA_RESTART|SA_SIGINFO
SIGHUP: [libjvm.dylib+0x8956f0], sa_mask[0]=11100110000111110111111111111111, sa_flags=SA_RESTART|SA_SIGINFO
SIGINT: [libjvm.dylib+0x8956f0], sa_mask[0]=11100110000111110111111111111111, sa_flags=SA_RESTART|SA_SIGINFO
SIGTERM: [libjvm.dylib+0x8956f0], sa_mask[0]=11100110000111110111111111111111, sa_flags=SA_RESTART|SA_SIGINFO
SIGQUIT: [libjvm.dylib+0x8956f0], sa_mask[0]=11100110000111110111111111111111, sa_flags=SA_RESTART|SA_SIGINFO
SIGTRAP: [libjvm.dylib+0x9ace24], sa_mask[0]=11100110000111110111111111111111, sa_flags=SA_RESTART|SA_SIGINFO


---------------  S Y S T E M  ---------------

OS:uname: Darwin 20.5.0 Darwin Kernel Version 20.5.0: Sat May  8 05:10:31 PDT 2021; root:xnu-7195.121.3~9/RELEASE_ARM64_T8101 arm64
OS uptime: 0 days 2:38 hours
rlimit (soft/hard): STACK 8176k/65520k , CORE 0k/infinity , NPROC 2666/4000 , NOFILE 10240/infinity , AS infinity/infinity , CPU infinity/infinity , DATA infinity/infinity , FSIZE infinity/infinity , MEMLOCK infinity/infinity , RSS infinity/infinity
load average: 1.18 1.25 1.32

CPU: total 8 (initial active 8) 0x61:0x0:0x1b588bb3:0, simd, crc, lse

Memory: 16k page, physical 16777216k(69184k free), swap 0k(0k free)

vm_info: OpenJDK 64-Bit Server VM (16+36) for bsd-aarch64 JRE (16+36) (Zulu16.28+11-CA), built on Mar  9 2021 03:14:09 by "zulu_re" with clang Apple LLVM 12.0.0 (clang-1200.0.32.28)

END.
